<?xml version="1.0" encoding="UTF-8"?>
<testng-results skipped="0" failed="0" ignored="0" total="1" passed="1">
  <reporter-output>
  </reporter-output>
  <suite name="Default suite" duration-ms="47" started-at="2019-01-15T01:24:59Z" finished-at="2019-01-15T01:24:59Z">
    <groups>
    </groups>
    <test name="Default test" duration-ms="47" started-at="2019-01-15T01:24:59Z" finished-at="2019-01-15T01:24:59Z">
      <class name="MyArray.Sumofarray">
        <test-method status="PASS" signature="Sum()[pri:0, instance:MyArray.Sumofarray@643b1d11]" name="Sum" duration-ms="14" started-at="2019-01-15T01:24:59Z" finished-at="2019-01-15T01:24:59Z">
          <reporter-output>
          </reporter-output>
        </test-method> <!-- Sum -->
      </class> <!-- MyArray.Sumofarray -->
    </test> <!-- Default test -->
  </suite> <!-- Default suite -->
</testng-results>
